DEB [20170224-17:00:32.642] thr=1   paramiko.transport: starting thread (client mode): 0x449f7c50L
INF [20170224-17:00:32.646] thr=1   paramiko.transport: Connected (version 2.0, client OpenSSH_5.3)
DEB [20170224-17:00:32.647] thr=1   paramiko.transport: kex algos:['diffie-hellman-group-exchange-sha256', 'diffie-hellman-group-exchange-sha1', 'diffie-hellman-group14-sha1', 'diffie-hellman-group1-sha1'] server key:['ssh-rsa', 'ssh-dss'] client encrypt:['aes128-ctr', 'aes192-ctr', 'aes256-ctr', 'arcfour256', 'arcfour128', 'aes128-cbc', '3des-cbc', 'blowfish-cbc', 'cast128-cbc', 'aes192-cbc', 'aes256-cbc', 'arcfour', 'rijndael-cbc@lysator.liu.se'] server encrypt:['aes128-ctr', 'aes192-ctr', 'aes256-ctr', 'arcfour256', 'arcfour128', 'aes128-cbc', '3des-cbc', 'blowfish-cbc', 'cast128-cbc', 'aes192-cbc', 'aes256-cbc', 'arcfour', 'rijndael-cbc@lysator.liu.se'] client mac:['hmac-md5', 'hmac-sha1', 'umac-64@openssh.com', 'hmac-ripemd160', 'hmac-ripemd160@openssh.com', 'hmac-sha1-96', 'hmac-md5-96'] server mac:['hmac-md5', 'hmac-sha1', 'umac-64@openssh.com', 'hmac-ripemd160', 'hmac-ripemd160@openssh.com', 'hmac-sha1-96', 'hmac-md5-96'] client compress:['none', 'zlib@openssh.com'] server compress:['none', 'zlib@openssh.com'] client lang:[''] server lang:[''] kex follows?False
DEB [20170224-17:00:32.647] thr=1   paramiko.transport: Ciphers agreed: local=aes128-ctr, remote=aes128-ctr
DEB [20170224-17:00:32.647] thr=1   paramiko.transport: using kex diffie-hellman-group1-sha1; server key type ssh-rsa; cipher: local aes128-ctr, remote aes128-ctr; mac: local hmac-sha1, remote hmac-sha1; compression: local none, remote none
DEB [20170224-17:00:32.685] thr=1   paramiko.transport: Switch to new keys ...
DEB [20170224-17:00:32.700] thr=2   paramiko.transport: Adding ssh-rsa host key for 30.30.32.3: 4071de7dc963e8ea6696d1924b1f6f1b
DEB [20170224-17:00:32.701] thr=2   paramiko.transport: Trying discovered key 7296fbf8d31df68b85ad6da146a3b5ac in /root/.ssh/id_rsa
DEB [20170224-17:00:32.725] thr=1   paramiko.transport: userauth is OK
INF [20170224-17:00:32.757] thr=1   paramiko.transport: Authentication (publickey) failed.
DEB [20170224-17:00:32.770] thr=1   paramiko.transport: userauth is OK
INF [20170224-17:00:32.772] thr=1   paramiko.transport: Authentication (password) successful!
DEB [20170224-17:00:32.774] thr=2   paramiko.transport: [chan 1] Max packet in: 34816 bytes
DEB [20170224-17:00:32.776] thr=1   paramiko.transport: [chan 1] Max packet out: 32768 bytes
INF [20170224-17:00:32.776] thr=1   paramiko.transport: Secsh channel 1 opened.
DEB [20170224-17:00:32.780] thr=1   paramiko.transport: [chan 1] Sesch channel 1 request ok
DEB [20170224-17:00:32.798] thr=1   paramiko.transport: [chan 1] EOF received (1)
DEB [20170224-17:04:48.228] thr=3   paramiko.transport: starting thread (client mode): 0x443731d0L
INF [20170224-17:04:48.231] thr=3   paramiko.transport: Connected (version 2.0, client OpenSSH_5.3)
DEB [20170224-17:04:48.233] thr=3   paramiko.transport: kex algos:['diffie-hellman-group-exchange-sha256', 'diffie-hellman-group-exchange-sha1', 'diffie-hellman-group14-sha1', 'diffie-hellman-group1-sha1'] server key:['ssh-rsa', 'ssh-dss'] client encrypt:['aes128-ctr', 'aes192-ctr', 'aes256-ctr', 'arcfour256', 'arcfour128', 'aes128-cbc', '3des-cbc', 'blowfish-cbc', 'cast128-cbc', 'aes192-cbc', 'aes256-cbc', 'arcfour', 'rijndael-cbc@lysator.liu.se'] server encrypt:['aes128-ctr', 'aes192-ctr', 'aes256-ctr', 'arcfour256', 'arcfour128', 'aes128-cbc', '3des-cbc', 'blowfish-cbc', 'cast128-cbc', 'aes192-cbc', 'aes256-cbc', 'arcfour', 'rijndael-cbc@lysator.liu.se'] client mac:['hmac-md5', 'hmac-sha1', 'umac-64@openssh.com', 'hmac-ripemd160', 'hmac-ripemd160@openssh.com', 'hmac-sha1-96', 'hmac-md5-96'] server mac:['hmac-md5', 'hmac-sha1', 'umac-64@openssh.com', 'hmac-ripemd160', 'hmac-ripemd160@openssh.com', 'hmac-sha1-96', 'hmac-md5-96'] client compress:['none', 'zlib@openssh.com'] server compress:['none', 'zlib@openssh.com'] client lang:[''] server lang:[''] kex follows?False
DEB [20170224-17:04:48.233] thr=3   paramiko.transport: Ciphers agreed: local=aes128-ctr, remote=aes128-ctr
DEB [20170224-17:04:48.233] thr=3   paramiko.transport: using kex diffie-hellman-group1-sha1; server key type ssh-rsa; cipher: local aes128-ctr, remote aes128-ctr; mac: local hmac-sha1, remote hmac-sha1; compression: local none, remote none
DEB [20170224-17:04:48.271] thr=3   paramiko.transport: Switch to new keys ...
DEB [20170224-17:04:48.286] thr=2   paramiko.transport: Adding ssh-rsa host key for 30.30.32.3: 4071de7dc963e8ea6696d1924b1f6f1b
DEB [20170224-17:04:48.287] thr=2   paramiko.transport: Trying discovered key 7296fbf8d31df68b85ad6da146a3b5ac in /root/.ssh/id_rsa
DEB [20170224-17:04:48.311] thr=3   paramiko.transport: userauth is OK
INF [20170224-17:04:48.341] thr=3   paramiko.transport: Authentication (publickey) failed.
DEB [20170224-17:04:48.354] thr=3   paramiko.transport: userauth is OK
INF [20170224-17:04:48.357] thr=3   paramiko.transport: Authentication (password) successful!
DEB [20170224-17:04:48.359] thr=2   paramiko.transport: [chan 1] Max packet in: 34816 bytes
DEB [20170224-17:04:48.362] thr=3   paramiko.transport: [chan 1] Max packet out: 32768 bytes
INF [20170224-17:04:48.362] thr=3   paramiko.transport: Secsh channel 1 opened.
DEB [20170224-17:04:48.365] thr=3   paramiko.transport: [chan 1] Sesch channel 1 request ok
DEB [20170224-17:04:48.383] thr=3   paramiko.transport: [chan 1] EOF received (1)
